27430
16879
15466054
6099
19339987
52079
133678
3009
2975
1031
2576
3276
6775874
2587
169
5960
30914
24908
436
44901
1740
147440
274
257209
2765121
6317
66102
874
259052
485850
4888
318541
6749
39456
2392
36009
74272
97890
43707
39709
1871
9001
18339
2653
446654
786
43649
2291165
614312
11486
10271
4303
26433
5505
921
6752
13081
31831
28962
2817
3390
27036
5805
4872825
5609
7436
2124721
2417873
22447
474
186251
1562
2552
409470
8306
3288
24938
4399
14863
1396
284
822
368
280
1770
1993
105
815
36009
350408
30858
16611
220
405
594609
1225
18278
1847
1136
765546
193134
3023
194
44182
7473768
396
24235
4718
26
92675
584
8853
281950
2451516
1188
1400
3923515
1698297
527551
10849310
50612
1980
295220
9883
2685
4721
23604
66983
668
1075
33960
45
3051
21145
1026
385
3062
149
1387402
3399
1841
142353
99651
9890
604
1110
41702
5213269
969
381
2621
4288
461770
58344
35910
18411484
3841062
8828933
15064
30629
4453709
2803549
13353
2734
16593
618
269
9573
259884
176801
462140
6072048
466722
2022
736
481385
3883
1343
10722
2349
44182
4333
15252
516251
13604
388
323
12778
401
765935
6275
1037
2915802
876342
222
106660
17980
43947
1355743
6707
648001
1389
625665
48538
359
198
2638
1902
845
4583
3501
354863
5388
5236
2318
1736
1349
25786
111627
8926
179885
4768801
4959338
38221
3824
774
273225
276084
3441
4109433
587
702410
81069
314
1061
216
1072473
13930
1661
366
681
3667
395
9357
1294
14612
635726
29113945
25799
315
308819
3297809
53999
14919
303186
9966
4848578
1225388
46397
1763
781
285
124468
29010
1755
1069
135
5476822
102584
315
250
1709
581
2321
3271861
7158916
467
6989
2510
815
5500
91439
1894
22758
1990
55985
6799
14827
539880
45437288
837
39008
9664802
481703
9121
24962
398552
61182
493528
56877
715
34
3160
39
5135
122116
516
0
0
467
672
14977
54
16619
1
1
680
1047
174
26779
1298
39
10327
0
194575
6673303
838699
1508721
56630755
6319
2369006
1326718
241709
735599
1349634
1436310
741470
1849076
149032
1936284
1140932
8015
977995
14938
3591765
1023
4724
1034
448
7807
409
85732
69
32
9389
8645
149
9427
163207
3011
276
6954
2814
142
9609
40147
10104
1509
24
172
544
38224
194
35908
503
1437574
19144
8
337
1701
214532
12719
387
21
1304710
400833
5251
160001
389350
5558
4109433
1093
65512
203117
95075
1771
34
5249
1652
1336
0
585
303845
735
74
12347
2073
8499793
1542
2394
8875164
12808144
12933062
2168008
163982
7651
2333703
200479
2936492
5895
1946
3
1019
999
29945
7
665
215460
82039
150
1744
114
975
86320
200955
813215
35415
346
0
92
7
3
1
1805
7323
3657039
5433051
50263
9040764
18228
3846777
471120
530627
7558631
4314216
10781030
95930
2391758
330672
66004321
172864
16213495
16894
11191
1816638
5606725
1730486
2581781
35223477
6081
765
64
11561
8307925
109
662973
13462
164
0
5920
3623
262858
977851
11758
806895
20688
187122
2880
18076
370
2023
21622
2637
2873828
10495
491239
24485
2168118
505882
2627693
98215
1489150
26964
3440223
166069
2025
29100
21818
4043635
5507
254
73342
301177
603512
2361
300
937
338814
2818
1852649
9103
1260997
2964628
3769736
57751
157931
11882
2356276
16568
8746
785032
250406
1296324
688219
890122
14247
192483
4993
932013
111821
921403
49320
45470
25757
4197
2544378
11
1669
678
2746
7558
13356946
12013
157174
820
274
1434
1474232
15672
1952
2812
208
45
801
996
639
130665
1163349
22623871
4
1802
722507
38561
125
13
0
291
1436
3422
61
670551
2588
1023
5548
122
25
109416
119
13947
4640
244342
708
7542
25866
590834
15096
703
880578
2529
3587
816
10000
2557
8877
199794
2275
16042
42985
6808
1959
2774
238
118
312
691648
6471
103158
5324861
9193
1879
9342
21905
2620
258943
11390
816
436865
587
22561
9941
4626
531
423251
43297
7217
92540
748
190
139843
1081
1682
1218
16581
1524312
244430
2425
14754125
313632
16952
122894
285957
4022
112
117361
1196
6485661
45076
6052
38835
1568
26223
35789
219
12535
61792
3031
11197
675
16789
994117
415
189
5336768
729
557
0
53036
57621
3384
2606
397
422
16036
9357404
387837
29541
297
3511
1082031
11438
568
133157
1754
343
199
53
59
11896
17
100202
7590
227004
0
0
1402870
2486759
1
324740
4211
93599
114
10323
140799
4062343
283364
5161
493433
50702
102636
310
4316
1177834
587764
778097
430
327385
742149
1733
41024973
61544
33059
98
143
1807967
385
149237
152765
92
2007
853
8144
299
2430
162
80979
27909
111570
584
28971
35565
32758
32690
21023
28024
1093
3229
1117
2134
189127
79
2764
11659
55208
619202
193
3767
66389
1222992
49444
490282
2143599
3214
1395
73367
33103
12079580
36347
104036
1144
79862
73676
161920
52511
7106
349625
732555
1563258
990460
20190
71414
727952
172873
4312
1390656
61551
5389559
17995
27664603
12254374
1443
1100
3757
37079
1119
241526
946
7208
268
664232
32690
149213
1453
2153
14693
3405246
906868
4113985
234864
64187
1058863
39303
15212165
62283
122591
1112344
12960
187930
75663
10784
77395
118889
402897
93328
771
40380
3185091
977272
837
77893553
9353920
2699096
76080
10010
302023
29088
820
3375
2908750
1456
720507
462140
740465
6989
717923
9657
126763
305038
190820
1054283
5937
104048
22949
1148377
2449
1160491
1006236
1465319
58742
5244629
3791
114317
84
176821
1206
128916
78728
86315
560
1172579
315550
667594
251
203937
15490
957556
872434
284271
2203
25626
7564632
34586
42
799
1187
77910
150654
8397
3393
205374
1431926
17299
2233
27925
14205
1100
2747352
4872
4683534
215824
1051827
226458
12288226
3543
35021
3099923
1530451
19164972
37260
209133
6245
3461
716005
312883
20770
6937986
267056
1421652
813416
665543
30564
249212
1709
5501761
1950964
2138581
34825
1796687
113487
8375
4840
193
8653
511
6008
24158
100202
299686
2292
1593
608056
5346
352013
901
18062
192
86482
35229928
5915
5369870
828
1430546
2833671
1724162
8500
2599
93172
316354
134076
155723
234
80173
16746
89
28209
67754
42635
343
493044
25139737
73560
357
26475
1721834
380433
77826
19641
30333
25423
173
5751650
25114
516592734
388
323
323
876347
323
12778
539882
